<?xml version="1.0" encoding="UTF-8"?>
<!-- Generated by org.testng.reporters.JUnitXMLReporter -->
<testsuite ignored="0" hostname="DMadhvi" failures="0" tests="3" name="Default test" time="0.079" errors="0" timestamp="2025-06-23T22:17:27 IST">
  <testcase classname="practicePackage.Pratice6" name="Satellite" time="0.009"/>
  <testcase classname="practicePackage.Pratice6" name="Satellite" time="0.002"/>
  <testcase classname="practicePackage.Pratice6" name="Satellite" time="0.001"/>
</testsuite> <!-- Default test -->
