<?xml version="1.0" encoding="UTF-8"?>
<!-- Generated by org.testng.reporters.JUnitXMLReporter -->
<testsuite ignored="1" hostname="DMadhvi" failures="0" tests="4" name="Maths" time="0.126" errors="0" timestamp="2025-06-23T22:37:16 IST">
  <testcase classname="practicePackage.Practice3" name="sub" time="0.008"/>
  <testcase classname="practicePackage.Practice3" name="multiply" time="0.01"/>
  <testcase classname="practicePackage.Practice3" name="quotient" time="0.013"/>
  <testcase classname="practicePackage.Practice3" name="remainder" time="0.003"/>
  <testcase classname="practicePackage.Practice3" name="sum" time="0.0">
    <ignored/>
  </testcase> <!-- sum -->
</testsuite> <!-- Maths -->
