<?xml version="1.0" encoding="UTF-8"?>
<!-- Generated by org.testng.reporters.JUnitXMLReporter -->
<testsuite ignored="1" hostname="DMadhvi" failures="0" tests="12" name="Tej" time="0.103" errors="0" timestamp="2025-06-19T16:36:30 IST">
  <testcase classname="practicePackage.Practice3" name="sub" time="0.017"/>
  <testcase classname="practicePackage.Practice3" name="multiply" time="0.017"/>
  <testcase classname="practicePackage.Practice4" name="bike" time="0.017"/>
  <testcase classname="practicePackage.Practice4" name="car" time="0.017"/>
  <testcase classname="practicePackage.Practice4" name="Aeroplane" time="0.017"/>
  <testcase classname="practicePackage.Practice4" name="car" time="0.002"/>
  <testcase classname="practicePackage.Practice5" name="KOTAK" time="0.004"/>
  <testcase classname="practicePackage.Practice5" name="ICICI" time="0.003"/>
  <testcase classname="practicePackage.Practice5" name="SBI" time="0.008"/>
  <testcase classname="practicePackage.Practice4" name="car" time="0.008"/>
  <testcase classname="practicePackage.Practice4" name="car" time="0.002"/>
  <testcase classname="practicePackage.Practice4" name="car" time="0.003"/>
  <testcase classname="practicePackage.Practice3" name="sum" time="0.0">
    <ignored/>
  </testcase> <!-- sum -->
</testsuite> <!-- Tej -->
