<?xml version="1.0" encoding="UTF-8"?>
<!-- Generated by org.testng.reporters.JUnitXMLReporter -->
<testsuite ignored="0" hostname="DMadhvi" failures="0" tests="8" name="Vehicle" time="0.033" errors="0" timestamp="2025-06-23T22:37:16 IST">
  <testcase classname="practicePackage.Practice4" name="car" time="0.004"/>
  <testcase classname="practicePackage.Practice4" name="Aeroplane" time="0.003"/>
  <testcase classname="practicePackage.Practice4" name="bike" time="0.005"/>
  <testcase classname="practicePackage.Practice4" name="car" time="0.001"/>
  <testcase classname="practicePackage.Practice4" name="car" time="0.003"/>
  <testcase classname="practicePackage.Practice4" name="car" time="0.002"/>
  <testcase classname="practicePackage.Practice4" name="car" time="0.001"/>
  <testcase classname="practicePackage.Practice4" name="loginTest" time="0.005"/>
</testsuite> <!-- Vehicle -->
