<?xml version="1.0" encoding="UTF-8"?>
<!-- Generated by org.testng.reporters.JUnitXMLReporter -->
<testsuite ignored="0" hostname="DMadhvi" failures="0" tests="2" name="Error Validations" time="13.563" errors="0" timestamp="2025-07-13T16:33:12 IST">
  <testcase classname="lakshmitej.tests.Errorvalidations" name="LoginErrorValidation" time="0.726"/>
  <testcase classname="lakshmitej.tests.Errorvalidations" name="ProductErrorValidation" time="0.0">
    <skipped/>
  </testcase> <!-- ProductErrorValidation -->
</testsuite> <!-- Error Validations -->
